----------------------------------------------------------------------------------------------------
------------------------------------ MegaLinter, by OX Security ------------------------------------
----------------------------------------------------------------------------------------------------
 - Image Creation Date: 2022-11-23T22:11:59Z
 - Image Revision: d8612e7
 - Image Version: v6
----------------------------------------------------------------------------------------------------
The MegaLinter documentation can be found at:
 - https://megalinter.io/latest
----------------------------------------------------------------------------------------------------
MegaLinter initialization

MARKDOWN_REMARK_LINT has been temporary disabled in MegaLinter, please use a previous MegaLinter version or wait for the next one !
Skipped linters: ACTION_ACTIONLINT, ANSIBLE_ANSIBLE_LINT, ARM_ARM_TTK, BASH_EXEC, BASH_SHELLCHECK, BASH_SHFMT, BICEP_BICEP_LINTER, CLOJURE_CLJ_KONDO, CLOUDFORMATION_CFN_LINT, COFFEE_COFFEELINT, COPYPASTE_JSCPD, CPP_CPPLINT, CSHARP_DOTNET_FORMAT, CSS_SCSS_LINT, CSS_STYLELINT, C_CPPLINT, DART_DARTANALYZER, DOCKERFILE_HADOLINT, EDITORCONFIG_EDITORCONFIG_CHECKER, ENV_DOTENV_LINTER, GHERKIN_GHERKIN_LINT, GO_GOLANGCI_LINT, GO_REVIVE, GRAPHQL_GRAPHQL_SCHEMA_LINTER, GROOVY_NPM_GROOVY_LINT, HTML_DJLINT, HTML_HTMLHINT, JAVASCRIPT_ES, JAVASCRIPT_PRETTIER, JAVASCRIPT_STANDARD, JAVA_CHECKSTYLE, JAVA_PMD, JSON_ESLINT_PLUGIN_JSONC, JSON_JSONLINT, JSON_PRETTIER, JSON_V8R, JSX_ESLINT, KOTLIN_KTLINT, KUBERNETES_KUBECONFORM, KUBERNETES_KUBEVAL, LATEX_CHKTEX, LUA_LUACHECK, MAKEFILE_CHECKMAKE, MARKDOWN_MARKDOWNLINT, MARKDOWN_MARKDOWN_LINK_CHECK, MARKDOWN_MARKDOWN_TABLE_FORMATTER, MARKDOWN_REMARK_LINT, OPENAPI_SPECTRAL, PERL_PERLCRITIC, PHP_PHPCS, PHP_PHPLINT, PHP_PHPSTAN, PHP_PSALM, POWERSHELL_POWERSHELL, PROTOBUF_PROTOLINT, PUPPET_PUPPET_LINT, PYTHON_BANDIT, PYTHON_BLACK, PYTHON_FLAKE8, PYTHON_ISORT, PYTHON_MYPY, PYTHON_PYLINT, PYTHON_PYRIGHT, RAKU_RAKU, REPOSITORY_CHECKOV, REPOSITORY_DEVSKIM, REPOSITORY_DUSTILOCK, REPOSITORY_GITLEAKS, REPOSITORY_GIT_DIFF, REPOSITORY_GOODCHECK, REPOSITORY_SECRETLINT, REPOSITORY_SEMGREP, REPOSITORY_SYFT, REPOSITORY_TRIVY, RST_RSTCHECK, RST_RSTFMT, RST_RST_LINT, RUBY_RUBOCOP, RUST_CLIPPY, R_LINTR, SALESFORCE_SFDX_SCANNER_APEX, SALESFORCE_SFDX_SCANNER_AURA, SALESFORCE_SFDX_SCANNER_LWC, SCALA_SCALAFIX, SNAKEMAKE_LINT, SNAKEMAKE_SNAKEFMT, SPELL_CSPELL, SPELL_MISSPELL, SPELL_PROSELINT, SQL_SQLFLUFF, SQL_SQL_LINT, SQL_TSQLLINT, SWIFT_SWIFTLINT, TEKTON_TEKTON_LINT, TERRAFORM_CHECKOV, TERRAFORM_KICS, TERRAFORM_TERRAFORM_FMT, TERRAFORM_TERRAGRUNT, TERRAFORM_TERRASCAN, TERRAFORM_TFLINT, TSX_ESLINT, TYPESCRIPT_PRETTIER, TYPESCRIPT_STANDARD, VBDOTNET_DOTNET_FORMAT, XML_XMLLINT, YAML_PRETTIER, YAML_V8R, YAML_YAMLLINT
To receive reports as email, please set variable EMAIL_REPORTER_EMAIL

MegaLinter now collects the files to analyse
Listing all files in directory [/tmp/lint], then filter with:
- File extensions: .ts
- Excluding regex: .*.spec.ts
- Excluding .gitignored files [32966]: /tmp/lint/lanternUi/node_modules/.bin/acorn, /tmp/lint/lanternUi/node_modules/.bin/acorn.cmd, /tmp/lint/lanternUi/node_modules/.bin/acorn.ps1, /tmp/lint/lanternUi/node_modules/.bin/ansi-html, /tmp/lint/lanternUi/node_modules/.bin/ansi-html.cmd, /tmp/lint/lanternUi/node_modules/.bin/ansi-html.ps1, /tmp/lint/lanternUi/node_modules/.bin/atob, /tmp/lint/lanternUi/node_modules/.bin/atob.cmd, /tmp/lint/lanternUi/node_modules/.bin/atob.ps1, /tmp/lint/lanternUi/node_modules/.bin/autoprefixer,...(full list in DEBUG)
Kept [8] files on [32] found files

+----MATCHING LINTERS-+----------+----------------+------------+
| Descriptor | Linter | Criteria | Matching files | Format/Fix |
+------------+--------+----------+----------------+------------+
| TYPESCRIPT | eslint | .ts      | 8              | yes        |
+------------+--------+----------+----------------+------------+

[31m❌ Linted [TYPESCRIPT] files with [eslint]: Found 8 error(s) - (1.31s)[0m
- Using [eslint v8.28.0] https://megalinter.io/latest/descriptors/typescript_eslint
- MegaLinter key: [TYPESCRIPT_ES]
- Rules config: [/.eslintrc.json]
- Number of files analyzed: [8]
--Error detail:

/tmp/lint/lanternUi/src/app/app.component.ts
  13:11  warning  'mine' is assigned a value but never used               @typescript-eslint/no-unused-vars
  14:11  warning  'them' is assigned a value but never used               @typescript-eslint/no-unused-vars
  16:11  warning  'ours' is assigned a value but never used               @typescript-eslint/no-unused-vars
  17:11  warning  'they' is assigned a value but never used               @typescript-eslint/no-unused-vars
  18:11  warning  'b' is assigned a value but never used                  @typescript-eslint/no-unused-vars
  19:5   warning  Unexpected console statement                            no-console
  23:4   error    Method 'a' has a complexity of 3. Maximum allowed is 2  complexity

/tmp/lint/lanternUi/src/main.ts
  12:17  warning  Unexpected console statement  no-console

✖ 8 problems (1 error, 7 warnings)




+----SUMMARY----+--------+---------------+-------+-------+--------+--------------+
| Descriptor    | Linter | Mode          | Files | Fixed | Errors | Elapsed time |
+---------------+--------+---------------+-------+-------+--------+--------------+
| ❌ TYPESCRIPT | eslint | list_of_files |     8 |     1 |      8 |        1.31s |
+---------------+--------+---------------+-------+-------+--------+--------------+

[34mYou could have same capabilities but better runtime performances if you use a MegaLinter flavor:[0m
- [javascript] oxsecurity/megalinter/flavors/javascript@v6 (55 linters) https://megalinter.io/latest/flavors/javascript/
- [cupcake] oxsecurity/megalinter/flavors/cupcake@v6 (79 linters) https://megalinter.io/latest/flavors/cupcake/

