Results of standard linter (version 17.0.0)
See documentation on https://megalinter.io/latest/descriptors/typescript_standard/
-----------------------------------------------

❌ [ERROR] for workspace /tmp/lint
Linter raw log:
standard: Use JavaScript Standard Style (https://standardjs.com)
standard: Run `standard --fix` to automatically fix some problems.
  /tmp/lint/lanternUi/src/app/app-routing.module.ts:1:41: Extra semicolon. (semi)
  /tmp/lint/lanternUi/src/app/app-routing.module.ts:2:55: Extra semicolon. (semi)
  /tmp/lint/lanternUi/src/app/app-routing.module.ts:4:26: Extra semicolon. (semi)
  /tmp/lint/lanternUi/src/app/app.component.ts:1:42: Extra semicolon. (semi)
  /tmp/lint/lanternUi/src/app/app.component.ts:9:22: Extra semicolon. (semi)
  /tmp/lint/lanternUi/src/app/app.component.ts:11:7: Missing space before function parentheses. (space-before-function-paren)
  /tmp/lint/lanternUi/src/app/app.component.ts:12:9: 'a' is assigned a value but never used. (no-unused-vars)
  /tmp/lint/lanternUi/src/app/app.component.ts:12:9: 'a' is never reassigned. Use 'const' instead. (prefer-const)
  /tmp/lint/lanternUi/src/app/app.component.ts:12:14: Extra semicolon. (semi)
  /tmp/lint/lanternUi/src/app/app.module.ts:1:41: Extra semicolon. (semi)
  /tmp/lint/lanternUi/src/app/app.module.ts:2:58: Extra semicolon. (semi)
  /tmp/lint/lanternUi/src/app/app.module.ts:4:56: Extra semicolon. (semi)
  /tmp/lint/lanternUi/src/app/app.module.ts:5:47: Extra semicolon. (semi)
  /tmp/lint/lanternUi/src/environments/environment.prod.ts:3:2: Extra semicolon. (semi)
  /tmp/lint/lanternUi/src/environments/environment.ts:7:2: Extra semicolon. (semi)
  /tmp/lint/lanternUi/src/main.ts:1:47: Extra semicolon. (semi)
  /tmp/lint/lanternUi/src/main.ts:2:75: Extra semicolon. (semi)
  /tmp/lint/lanternUi/src/main.ts:4:45: Extra semicolon. (semi)
  /tmp/lint/lanternUi/src/main.ts:5:57: Extra semicolon. (semi)
  /tmp/lint/lanternUi/src/main.ts:8:19: Extra semicolon. (semi)
  /tmp/lint/lanternUi/src/main.ts:12:36: Extra semicolon. (semi)
  /tmp/lint/lanternUi/src/polyfills.ts:60:17: Extra semicolon. (semi)
  /tmp/lint/lanternUi/src/polyfills.ts:60:18: Multiple spaces found before '// Included wi...'. (no-multi-spaces)
  /tmp/lint/lanternUi/src/polyfills.ts:62:1: More than 1 blank line not allowed. (no-multiple-empty-lines)
  /tmp/lint/lanternUi/src/test.ts:3:25: Extra semicolon. (semi)
  /tmp/lint/lanternUi/src/test.ts:4:51: Extra semicolon. (semi)
  /tmp/lint/lanternUi/src/test.ts:8:51: Extra semicolon. (semi)
  /tmp/lint/lanternUi/src/test.ts:15:2: Extra semicolon. (semi)
  /tmp/lint/lanternUi/src/test.ts:21:41: A space is required before '}'. (object-curly-spacing)
  /tmp/lint/lanternUi/src/test.ts:21:42: Unexpected trailing comma. (comma-dangle)
  /tmp/lint/lanternUi/src/test.ts:22:2: Extra semicolon. (semi)
  /tmp/lint/lanternUi/src/test.ts:25:59: Extra semicolon. (semi)
  /tmp/lint/lanternUi/src/test.ts:27:28: Extra semicolon. (semi)

